

================================================================
== Vivado HLS Report for 'softmax_128_s'
================================================================
* Date:           Thu Nov 30 22:59:45 2023

* Version:        2019.2.1 (Build 2724168 on Thu Dec 05 05:19:09 MST 2019)
* Project:        softmax_proj.prj
* Solution:       solution1
* Product family: zynq
* Target device:  xc7z020-clg484-1


================================================================
== Performance Estimates
================================================================
+ Timing: 
    * Summary: 
    +--------+----------+----------+------------+
    |  Clock |  Target  | Estimated| Uncertainty|
    +--------+----------+----------+------------+
    |ap_clk  | 10.00 ns | 8.232 ns |   1.25 ns  |
    +--------+----------+----------+------------+

+ Latency: 
    * Summary: 
    +---------+----------+----------+-----------+--------+----------+---------+
    |  Latency (cycles)  |  Latency (absolute)  |      Interval     | Pipeline|
    |   min   |    max   |    min   |    max    |   min  |    max   |   Type  |
    +---------+----------+----------+-----------+--------+----------+---------+
    |   515842|  38531842| 5.158 ms | 0.385 sec |  515842|  38531842|   none  |
    +---------+----------+----------+-----------+--------+----------+---------+

    + Detail: 
        * Instance: 
        N/A

        * Loop: 
        +-----------------+---------+----------+---------------+-----------+-----------+---------+----------+
        |                 |  Latency (cycles)  |   Iteration   |  Initiation Interval  |   Trip  |          |
        |    Loop Name    |   min   |    max   |    Latency    |  achieved |   target  |  Count  | Pipelined|
        +-----------------+---------+----------+---------------+-----------+-----------+---------+----------+
        |- Loop 1         |   513408|  38529408| 4011 ~ 301011 |          -|          -|      128|    no    |
        | + Loop 1.1      |     4000|    301000|   40 ~ 3010   |          -|          -|      100|    no    |
        |  ++ Loop 1.1.1  |       30|      3000|             30|          -|          -| 1 ~ 100 |    no    |
        |- Loop 2         |     2432|      2432|             19|          -|          -|      128|    no    |
        +-----------------+---------+----------+---------------+-----------+-----------+---------+----------+

============================================================
+ Verbose Summary: Synthesis Manager
============================================================
InlineROM: 1
ExposeGlobal: 0
============================================================
+ Verbose Summary: CDFG Model
============================================================
IsTopModel: 0
ResetActiveHigh: 1
IsCombinational: 0
IsDatapathOnly: 0
HasWiredReturn: 1
HasMFsm: 0
HasVarLatency: 1
IsPipeline: 0
IsRtlPipelined: 0
IsInstanceOverlapped: 0
IsDontTouch: 0
HasImplIP: 0
IsGatedGlobalClock: 0


============================================================
+ Verbose Summary: Schedule
============================================================
* Number of FSM states : 69
* Pipeline : 0
* Dataflow Pipeline: 0

* FSM state transitions: 
1 --> 2 
2 --> 3 51 
3 --> 4 
4 --> 43 5 
5 --> 6 35 
6 --> 7 
7 --> 8 
8 --> 9 
9 --> 10 
10 --> 11 
11 --> 12 
12 --> 13 
13 --> 14 
14 --> 15 
15 --> 16 
16 --> 17 
17 --> 18 
18 --> 19 
19 --> 20 
20 --> 21 
21 --> 22 
22 --> 23 
23 --> 24 
24 --> 25 
25 --> 26 
26 --> 27 
27 --> 28 
28 --> 29 
29 --> 30 
30 --> 31 
31 --> 32 
32 --> 33 
33 --> 34 
34 --> 5 
35 --> 36 
36 --> 37 
37 --> 38 
38 --> 39 
39 --> 40 
40 --> 41 
41 --> 42 
42 --> 4 
43 --> 44 
44 --> 45 
45 --> 46 
46 --> 47 
47 --> 48 
48 --> 49 
49 --> 50 
50 --> 2 
51 --> 52 
52 --> 53 
53 --> 54 
54 --> 55 
55 --> 56 
56 --> 57 
57 --> 58 
58 --> 59 
59 --> 60 
60 --> 61 
61 --> 62 
62 --> 63 
63 --> 64 
64 --> 65 
65 --> 66 
66 --> 67 
67 --> 68 
68 --> 69 
69 --> 51 

* FSM state operations: 

State 1 <SV = 0> <Delay = 1.76>
ST_1 : Operation 70 [1/1] (0.00ns)   --->   "%euler_sums = alloca [128 x float], align 16" [./softmax.h:14]   --->   Operation 70 'alloca' 'euler_sums' <Predicate = true> <Delay = 0.00> <Core = "RAM">   --->   Core 37 'RAM' <Latency = 1> <II = 1> <Delay = 3.25> <Storage> <Opcode : 'load' 'store'> <Ports = 2> <Width = 32> <Depth = 128> <RAM>
ST_1 : Operation 71 [1/1] (1.76ns)   --->   "br label %1" [./softmax.h:16]   --->   Operation 71 'br' <Predicate = true> <Delay = 1.76>

State 2 <SV = 1> <Delay = 3.25>
ST_2 : Operation 72 [1/1] (0.00ns)   --->   "%i_0 = phi i8 [ 0, %0 ], [ %i, %6 ]"   --->   Operation 72 'phi' 'i_0' <Predicate = true> <Delay = 0.00>
ST_2 : Operation 73 [1/1] (0.00ns)   --->   "%euler_layer_sum_0 = phi float [ 0.000000e+00, %0 ], [ %euler_layer_sum, %6 ]"   --->   Operation 73 'phi' 'euler_layer_sum_0' <Predicate = true> <Delay = 0.00>
ST_2 : Operation 74 [1/1] (1.55ns)   --->   "%icmp_ln16 = icmp eq i8 %i_0, -128" [./softmax.h:16]   --->   Operation 74 'icmp' 'icmp_ln16' <Predicate = true> <Delay = 1.55> <Core = "Cmp">   --->   Core 25 'Cmp' <Latency = 0> <II = 1> <Delay = 1.55> <FuncUnit> <Opcode : 'icmp'> <InPorts = 2> <OutPorts = 1>
ST_2 : Operation 75 [1/1] (0.00ns)   --->   "%empty = call i32 (...)* @_ssdm_op_SpecLoopTripCount(i64 128, i64 128, i64 128)"   --->   Operation 75 'speclooptripcount' 'empty' <Predicate = true> <Delay = 0.00>
ST_2 : Operation 76 [1/1] (1.91ns)   --->   "%i = add i8 %i_0, 1" [./softmax.h:16]   --->   Operation 76 'add' 'i' <Predicate = true> <Delay = 1.91> <Core = "AddSub">   --->   Core 14 'AddSub' <Latency = 0> <II = 1> <Delay = 1.91> <FuncUnit> <Opcode : 'add' 'sub'> <InPorts = 2> <OutPorts = 1>
ST_2 : Operation 77 [1/1] (0.00ns)   --->   "br i1 %icmp_ln16, label %.preheader.preheader, label %2" [./softmax.h:16]   --->   Operation 77 'br' <Predicate = true> <Delay = 0.00>
ST_2 : Operation 78 [1/1] (0.00ns)   --->   "%zext_ln18 = zext i8 %i_0 to i64" [./softmax.h:18]   --->   Operation 78 'zext' 'zext_ln18' <Predicate = (!icmp_ln16)> <Delay = 0.00>
ST_2 : Operation 79 [1/1] (0.00ns)   --->   "%euler_sums_addr = getelementptr inbounds [128 x float]* %euler_sums, i64 0, i64 %zext_ln18" [./softmax.h:18]   --->   Operation 79 'getelementptr' 'euler_sums_addr' <Predicate = (!icmp_ln16)> <Delay = 0.00>
ST_2 : Operation 80 [1/1] (0.00ns)   --->   "%output_layer_addr = getelementptr [128 x float]* %output_layer, i64 0, i64 %zext_ln18" [./softmax.h:22]   --->   Operation 80 'getelementptr' 'output_layer_addr' <Predicate = (!icmp_ln16)> <Delay = 0.00>
ST_2 : Operation 81 [2/2] (3.25ns)   --->   "%output_layer_load = load float* %output_layer_addr, align 4" [./softmax.h:22]   --->   Operation 81 'load' 'output_layer_load' <Predicate = (!icmp_ln16)> <Delay = 3.25> <Core = "RAM">   --->   Core 37 'RAM' <Latency = 1> <II = 1> <Delay = 3.25> <Storage> <Opcode : 'load' 'store'> <Ports = 2> <Width = 32> <Depth = 128> <RAM>
ST_2 : Operation 82 [1/1] (1.76ns)   --->   "br label %.preheader" [./softmax.h:32]   --->   Operation 82 'br' <Predicate = (icmp_ln16)> <Delay = 1.76>

State 3 <SV = 2> <Delay = 3.25>
ST_3 : Operation 83 [1/2] (3.25ns)   --->   "%output_layer_load = load float* %output_layer_addr, align 4" [./softmax.h:22]   --->   Operation 83 'load' 'output_layer_load' <Predicate = true> <Delay = 3.25> <Core = "RAM">   --->   Core 37 'RAM' <Latency = 1> <II = 1> <Delay = 3.25> <Storage> <Opcode : 'load' 'store'> <Ports = 2> <Width = 32> <Depth = 128> <RAM>
ST_3 : Operation 84 [1/1] (1.76ns)   --->   "br label %3" [./softmax.h:19]   --->   Operation 84 'br' <Predicate = true> <Delay = 1.76>

State 4 <SV = 3> <Delay = 5.70>
ST_4 : Operation 85 [1/1] (0.00ns)   --->   "%empty_4 = phi float [ %tmp_5, %5 ], [ 1.000000e+00, %2 ]" [./softmax.h:24]   --->   Operation 85 'phi' 'empty_4' <Predicate = true> <Delay = 0.00>
ST_4 : Operation 86 [1/1] (0.00ns)   --->   "%indvars_iv = phi i7 [ %add_ln19, %5 ], [ 2, %2 ]" [./softmax.h:19]   --->   Operation 86 'phi' 'indvars_iv' <Predicate = true> <Delay = 0.00>
ST_4 : Operation 87 [1/1] (0.00ns)   --->   "%zext_ln19 = zext i7 %indvars_iv to i32" [./softmax.h:19]   --->   Operation 87 'zext' 'zext_ln19' <Predicate = true> <Delay = 0.00>
ST_4 : Operation 88 [1/1] (1.48ns)   --->   "%icmp_ln19 = icmp eq i7 %indvars_iv, -26" [./softmax.h:19]   --->   Operation 88 'icmp' 'icmp_ln19' <Predicate = true> <Delay = 1.48> <Core = "Cmp">   --->   Core 25 'Cmp' <Latency = 0> <II = 1> <Delay = 1.55> <FuncUnit> <Opcode : 'icmp'> <InPorts = 2> <OutPorts = 1>
ST_4 : Operation 89 [1/1] (0.00ns)   --->   "%empty_5 = call i32 (...)* @_ssdm_op_SpecLoopTripCount(i64 100, i64 100, i64 100)"   --->   Operation 89 'speclooptripcount' 'empty_5' <Predicate = true> <Delay = 0.00>
ST_4 : Operation 90 [1/1] (0.00ns)   --->   "br i1 %icmp_ln19, label %6, label %.preheader3.preheader" [./softmax.h:19]   --->   Operation 90 'br' <Predicate = true> <Delay = 0.00>
ST_4 : Operation 91 [1/1] (1.76ns)   --->   "br label %.preheader3" [./softmax.h:21]   --->   Operation 91 'br' <Predicate = (!icmp_ln19)> <Delay = 1.76>
ST_4 : Operation 92 [4/4] (5.70ns)   --->   "%tmp_1 = fmul float %empty_4, 0x4005BF0A80000000" [./softmax.h:28]   --->   Operation 92 'fmul' 'tmp_1' <Predicate = (icmp_ln19)> <Delay = 5.70> <Core = "FMul">   --->   Core 106 'FMul' <Latency = 3> <II = 1> <Delay = 5.70> <FuncUnit> <Opcode : 'fmul'> <InPorts = 2> <OutPorts = 1>

State 5 <SV = 4> <Delay = 6.41>
ST_5 : Operation 93 [1/1] (0.00ns)   --->   "%term_0 = phi double [ %term, %4 ], [ 1.000000e+00, %.preheader3.preheader ]"   --->   Operation 93 'phi' 'term_0' <Predicate = true> <Delay = 0.00>
ST_5 : Operation 94 [1/1] (0.00ns)   --->   "%k_0 = phi i32 [ %k, %4 ], [ 1, %.preheader3.preheader ]"   --->   Operation 94 'phi' 'k_0' <Predicate = true> <Delay = 0.00>
ST_5 : Operation 95 [1/1] (2.47ns)   --->   "%icmp_ln21 = icmp eq i32 %k_0, %zext_ln19" [./softmax.h:21]   --->   Operation 95 'icmp' 'icmp_ln21' <Predicate = true> <Delay = 2.47> <Core = "Cmp">   --->   Core 25 'Cmp' <Latency = 0> <II = 1> <Delay = 1.55> <FuncUnit> <Opcode : 'icmp'> <InPorts = 2> <OutPorts = 1>
ST_5 : Operation 96 [1/1] (0.00ns)   --->   "%empty_6 = call i32 (...)* @_ssdm_op_SpecLoopTripCount(i64 1, i64 100, i64 0)"   --->   Operation 96 'speclooptripcount' 'empty_6' <Predicate = true> <Delay = 0.00>
ST_5 : Operation 97 [1/1] (0.00ns)   --->   "br i1 %icmp_ln21, label %5, label %4" [./softmax.h:21]   --->   Operation 97 'br' <Predicate = true> <Delay = 0.00>
ST_5 : Operation 98 [6/6] (6.41ns)   --->   "%tmp_6 = sitofp i32 %k_0 to float" [./softmax.h:22]   --->   Operation 98 'sitofp' 'tmp_6' <Predicate = (!icmp_ln21)> <Delay = 6.41> <Core = "Int2Float">   --->   Core 112 'Int2Float' <Latency = 5> <II = 1> <Delay = 6.41> <FuncUnit> <Opcode : 'sitofp' 'uitofp'> <InPorts = 1> <OutPorts = 1>
ST_5 : Operation 99 [1/1] (2.55ns)   --->   "%k = add nsw i32 %k_0, 1" [./softmax.h:21]   --->   Operation 99 'add' 'k' <Predicate = (!icmp_ln21)> <Delay = 2.55> <Core = "AddSub">   --->   Core 14 'AddSub' <Latency = 0> <II = 1> <Delay = 1.91> <FuncUnit> <Opcode : 'add' 'sub'> <InPorts = 2> <OutPorts = 1>
ST_5 : Operation 100 [2/2] (4.43ns)   --->   "%tmp_3 = fpext float %empty_4 to double" [./softmax.h:24]   --->   Operation 100 'fpext' 'tmp_3' <Predicate = (icmp_ln21)> <Delay = 4.43> <Core = "Float2Double">   --->   Core 114 'Float2Double' <Latency = 1> <II = 1> <Delay = 4.43> <FuncUnit> <Opcode : 'fpext'> <InPorts = 1> <OutPorts = 1>
ST_5 : Operation 101 [1/1] (1.87ns)   --->   "%add_ln19 = add i7 %indvars_iv, 1" [./softmax.h:19]   --->   Operation 101 'add' 'add_ln19' <Predicate = (icmp_ln21)> <Delay = 1.87> <Core = "AddSub">   --->   Core 14 'AddSub' <Latency = 0> <II = 1> <Delay = 1.91> <FuncUnit> <Opcode : 'add' 'sub'> <InPorts = 2> <OutPorts = 1>

State 6 <SV = 5> <Delay = 6.41>
ST_6 : Operation 102 [5/6] (6.41ns)   --->   "%tmp_6 = sitofp i32 %k_0 to float" [./softmax.h:22]   --->   Operation 102 'sitofp' 'tmp_6' <Predicate = true> <Delay = 6.41> <Core = "Int2Float">   --->   Core 112 'Int2Float' <Latency = 5> <II = 1> <Delay = 6.41> <FuncUnit> <Opcode : 'sitofp' 'uitofp'> <InPorts = 1> <OutPorts = 1>

State 7 <SV = 6> <Delay = 6.41>
ST_7 : Operation 103 [4/6] (6.41ns)   --->   "%tmp_6 = sitofp i32 %k_0 to float" [./softmax.h:22]   --->   Operation 103 'sitofp' 'tmp_6' <Predicate = true> <Delay = 6.41> <Core = "Int2Float">   --->   Core 112 'Int2Float' <Latency = 5> <II = 1> <Delay = 6.41> <FuncUnit> <Opcode : 'sitofp' 'uitofp'> <InPorts = 1> <OutPorts = 1>

State 8 <SV = 7> <Delay = 6.41>
ST_8 : Operation 104 [3/6] (6.41ns)   --->   "%tmp_6 = sitofp i32 %k_0 to float" [./softmax.h:22]   --->   Operation 104 'sitofp' 'tmp_6' <Predicate = true> <Delay = 6.41> <Core = "Int2Float">   --->   Core 112 'Int2Float' <Latency = 5> <II = 1> <Delay = 6.41> <FuncUnit> <Opcode : 'sitofp' 'uitofp'> <InPorts = 1> <OutPorts = 1>

State 9 <SV = 8> <Delay = 6.41>
ST_9 : Operation 105 [2/6] (6.41ns)   --->   "%tmp_6 = sitofp i32 %k_0 to float" [./softmax.h:22]   --->   Operation 105 'sitofp' 'tmp_6' <Predicate = true> <Delay = 6.41> <Core = "Int2Float">   --->   Core 112 'Int2Float' <Latency = 5> <II = 1> <Delay = 6.41> <FuncUnit> <Opcode : 'sitofp' 'uitofp'> <InPorts = 1> <OutPorts = 1>

State 10 <SV = 9> <Delay = 6.41>
ST_10 : Operation 106 [1/6] (6.41ns)   --->   "%tmp_6 = sitofp i32 %k_0 to float" [./softmax.h:22]   --->   Operation 106 'sitofp' 'tmp_6' <Predicate = true> <Delay = 6.41> <Core = "Int2Float">   --->   Core 112 'Int2Float' <Latency = 5> <II = 1> <Delay = 6.41> <FuncUnit> <Opcode : 'sitofp' 'uitofp'> <InPorts = 1> <OutPorts = 1>

State 11 <SV = 10> <Delay = 6.07>
ST_11 : Operation 107 [16/16] (6.07ns)   --->   "%tmp_7 = fdiv float %output_layer_load, %tmp_6" [./softmax.h:22]   --->   Operation 107 'fdiv' 'tmp_7' <Predicate = true> <Delay = 6.07> <Core = "FDiv">   --->   Core 107 'FDiv' <Latency = 15> <II = 1> <Delay = 6.07> <FuncUnit> <Opcode : 'fdiv' 'frem'> <InPorts = 2> <OutPorts = 1>

State 12 <SV = 11> <Delay = 6.07>
ST_12 : Operation 108 [15/16] (6.07ns)   --->   "%tmp_7 = fdiv float %output_layer_load, %tmp_6" [./softmax.h:22]   --->   Operation 108 'fdiv' 'tmp_7' <Predicate = true> <Delay = 6.07> <Core = "FDiv">   --->   Core 107 'FDiv' <Latency = 15> <II = 1> <Delay = 6.07> <FuncUnit> <Opcode : 'fdiv' 'frem'> <InPorts = 2> <OutPorts = 1>

State 13 <SV = 12> <Delay = 6.07>
ST_13 : Operation 109 [14/16] (6.07ns)   --->   "%tmp_7 = fdiv float %output_layer_load, %tmp_6" [./softmax.h:22]   --->   Operation 109 'fdiv' 'tmp_7' <Predicate = true> <Delay = 6.07> <Core = "FDiv">   --->   Core 107 'FDiv' <Latency = 15> <II = 1> <Delay = 6.07> <FuncUnit> <Opcode : 'fdiv' 'frem'> <InPorts = 2> <OutPorts = 1>

State 14 <SV = 13> <Delay = 6.07>
ST_14 : Operation 110 [13/16] (6.07ns)   --->   "%tmp_7 = fdiv float %output_layer_load, %tmp_6" [./softmax.h:22]   --->   Operation 110 'fdiv' 'tmp_7' <Predicate = true> <Delay = 6.07> <Core = "FDiv">   --->   Core 107 'FDiv' <Latency = 15> <II = 1> <Delay = 6.07> <FuncUnit> <Opcode : 'fdiv' 'frem'> <InPorts = 2> <OutPorts = 1>

State 15 <SV = 14> <Delay = 6.07>
ST_15 : Operation 111 [12/16] (6.07ns)   --->   "%tmp_7 = fdiv float %output_layer_load, %tmp_6" [./softmax.h:22]   --->   Operation 111 'fdiv' 'tmp_7' <Predicate = true> <Delay = 6.07> <Core = "FDiv">   --->   Core 107 'FDiv' <Latency = 15> <II = 1> <Delay = 6.07> <FuncUnit> <Opcode : 'fdiv' 'frem'> <InPorts = 2> <OutPorts = 1>

State 16 <SV = 15> <Delay = 6.07>
ST_16 : Operation 112 [11/16] (6.07ns)   --->   "%tmp_7 = fdiv float %output_layer_load, %tmp_6" [./softmax.h:22]   --->   Operation 112 'fdiv' 'tmp_7' <Predicate = true> <Delay = 6.07> <Core = "FDiv">   --->   Core 107 'FDiv' <Latency = 15> <II = 1> <Delay = 6.07> <FuncUnit> <Opcode : 'fdiv' 'frem'> <InPorts = 2> <OutPorts = 1>

State 17 <SV = 16> <Delay = 6.07>
ST_17 : Operation 113 [10/16] (6.07ns)   --->   "%tmp_7 = fdiv float %output_layer_load, %tmp_6" [./softmax.h:22]   --->   Operation 113 'fdiv' 'tmp_7' <Predicate = true> <Delay = 6.07> <Core = "FDiv">   --->   Core 107 'FDiv' <Latency = 15> <II = 1> <Delay = 6.07> <FuncUnit> <Opcode : 'fdiv' 'frem'> <InPorts = 2> <OutPorts = 1>

State 18 <SV = 17> <Delay = 6.07>
ST_18 : Operation 114 [9/16] (6.07ns)   --->   "%tmp_7 = fdiv float %output_layer_load, %tmp_6" [./softmax.h:22]   --->   Operation 114 'fdiv' 'tmp_7' <Predicate = true> <Delay = 6.07> <Core = "FDiv">   --->   Core 107 'FDiv' <Latency = 15> <II = 1> <Delay = 6.07> <FuncUnit> <Opcode : 'fdiv' 'frem'> <InPorts = 2> <OutPorts = 1>

State 19 <SV = 18> <Delay = 6.07>
ST_19 : Operation 115 [8/16] (6.07ns)   --->   "%tmp_7 = fdiv float %output_layer_load, %tmp_6" [./softmax.h:22]   --->   Operation 115 'fdiv' 'tmp_7' <Predicate = true> <Delay = 6.07> <Core = "FDiv">   --->   Core 107 'FDiv' <Latency = 15> <II = 1> <Delay = 6.07> <FuncUnit> <Opcode : 'fdiv' 'frem'> <InPorts = 2> <OutPorts = 1>

State 20 <SV = 19> <Delay = 6.07>
ST_20 : Operation 116 [7/16] (6.07ns)   --->   "%tmp_7 = fdiv float %output_layer_load, %tmp_6" [./softmax.h:22]   --->   Operation 116 'fdiv' 'tmp_7' <Predicate = true> <Delay = 6.07> <Core = "FDiv">   --->   Core 107 'FDiv' <Latency = 15> <II = 1> <Delay = 6.07> <FuncUnit> <Opcode : 'fdiv' 'frem'> <InPorts = 2> <OutPorts = 1>

State 21 <SV = 20> <Delay = 6.07>
ST_21 : Operation 117 [6/16] (6.07ns)   --->   "%tmp_7 = fdiv float %output_layer_load, %tmp_6" [./softmax.h:22]   --->   Operation 117 'fdiv' 'tmp_7' <Predicate = true> <Delay = 6.07> <Core = "FDiv">   --->   Core 107 'FDiv' <Latency = 15> <II = 1> <Delay = 6.07> <FuncUnit> <Opcode : 'fdiv' 'frem'> <InPorts = 2> <OutPorts = 1>

State 22 <SV = 21> <Delay = 6.07>
ST_22 : Operation 118 [5/16] (6.07ns)   --->   "%tmp_7 = fdiv float %output_layer_load, %tmp_6" [./softmax.h:22]   --->   Operation 118 'fdiv' 'tmp_7' <Predicate = true> <Delay = 6.07> <Core = "FDiv">   --->   Core 107 'FDiv' <Latency = 15> <II = 1> <Delay = 6.07> <FuncUnit> <Opcode : 'fdiv' 'frem'> <InPorts = 2> <OutPorts = 1>

State 23 <SV = 22> <Delay = 6.07>
ST_23 : Operation 119 [4/16] (6.07ns)   --->   "%tmp_7 = fdiv float %output_layer_load, %tmp_6" [./softmax.h:22]   --->   Operation 119 'fdiv' 'tmp_7' <Predicate = true> <Delay = 6.07> <Core = "FDiv">   --->   Core 107 'FDiv' <Latency = 15> <II = 1> <Delay = 6.07> <FuncUnit> <Opcode : 'fdiv' 'frem'> <InPorts = 2> <OutPorts = 1>

State 24 <SV = 23> <Delay = 6.07>
ST_24 : Operation 120 [3/16] (6.07ns)   --->   "%tmp_7 = fdiv float %output_layer_load, %tmp_6" [./softmax.h:22]   --->   Operation 120 'fdiv' 'tmp_7' <Predicate = true> <Delay = 6.07> <Core = "FDiv">   --->   Core 107 'FDiv' <Latency = 15> <II = 1> <Delay = 6.07> <FuncUnit> <Opcode : 'fdiv' 'frem'> <InPorts = 2> <OutPorts = 1>

State 25 <SV = 24> <Delay = 6.07>
ST_25 : Operation 121 [2/16] (6.07ns)   --->   "%tmp_7 = fdiv float %output_layer_load, %tmp_6" [./softmax.h:22]   --->   Operation 121 'fdiv' 'tmp_7' <Predicate = true> <Delay = 6.07> <Core = "FDiv">   --->   Core 107 'FDiv' <Latency = 15> <II = 1> <Delay = 6.07> <FuncUnit> <Opcode : 'fdiv' 'frem'> <InPorts = 2> <OutPorts = 1>

State 26 <SV = 25> <Delay = 6.07>
ST_26 : Operation 122 [1/16] (6.07ns)   --->   "%tmp_7 = fdiv float %output_layer_load, %tmp_6" [./softmax.h:22]   --->   Operation 122 'fdiv' 'tmp_7' <Predicate = true> <Delay = 6.07> <Core = "FDiv">   --->   Core 107 'FDiv' <Latency = 15> <II = 1> <Delay = 6.07> <FuncUnit> <Opcode : 'fdiv' 'frem'> <InPorts = 2> <OutPorts = 1>

State 27 <SV = 26> <Delay = 4.43>
ST_27 : Operation 123 [2/2] (4.43ns)   --->   "%tmp_8 = fpext float %tmp_7 to double" [./softmax.h:22]   --->   Operation 123 'fpext' 'tmp_8' <Predicate = true> <Delay = 4.43> <Core = "Float2Double">   --->   Core 114 'Float2Double' <Latency = 1> <II = 1> <Delay = 4.43> <FuncUnit> <Opcode : 'fpext'> <InPorts = 1> <OutPorts = 1>

State 28 <SV = 27> <Delay = 4.43>
ST_28 : Operation 124 [1/2] (4.43ns)   --->   "%tmp_8 = fpext float %tmp_7 to double" [./softmax.h:22]   --->   Operation 124 'fpext' 'tmp_8' <Predicate = true> <Delay = 4.43> <Core = "Float2Double">   --->   Core 114 'Float2Double' <Latency = 1> <II = 1> <Delay = 4.43> <FuncUnit> <Opcode : 'fpext'> <InPorts = 1> <OutPorts = 1>

State 29 <SV = 28> <Delay = 7.78>
ST_29 : Operation 125 [6/6] (7.78ns)   --->   "%term = fmul double %term_0, %tmp_8" [./softmax.h:22]   --->   Operation 125 'dmul' 'term' <Predicate = true> <Delay = 7.78> <Core = "DMul">   --->   Core 116 'DMul' <Latency = 5> <II = 1> <Delay = 7.78> <FuncUnit> <Opcode : 'dmul'> <InPorts = 2> <OutPorts = 1>

State 30 <SV = 29> <Delay = 7.78>
ST_30 : Operation 126 [5/6] (7.78ns)   --->   "%term = fmul double %term_0, %tmp_8" [./softmax.h:22]   --->   Operation 126 'dmul' 'term' <Predicate = true> <Delay = 7.78> <Core = "DMul">   --->   Core 116 'DMul' <Latency = 5> <II = 1> <Delay = 7.78> <FuncUnit> <Opcode : 'dmul'> <InPorts = 2> <OutPorts = 1>

State 31 <SV = 30> <Delay = 7.78>
ST_31 : Operation 127 [4/6] (7.78ns)   --->   "%term = fmul double %term_0, %tmp_8" [./softmax.h:22]   --->   Operation 127 'dmul' 'term' <Predicate = true> <Delay = 7.78> <Core = "DMul">   --->   Core 116 'DMul' <Latency = 5> <II = 1> <Delay = 7.78> <FuncUnit> <Opcode : 'dmul'> <InPorts = 2> <OutPorts = 1>

State 32 <SV = 31> <Delay = 7.78>
ST_32 : Operation 128 [3/6] (7.78ns)   --->   "%term = fmul double %term_0, %tmp_8" [./softmax.h:22]   --->   Operation 128 'dmul' 'term' <Predicate = true> <Delay = 7.78> <Core = "DMul">   --->   Core 116 'DMul' <Latency = 5> <II = 1> <Delay = 7.78> <FuncUnit> <Opcode : 'dmul'> <InPorts = 2> <OutPorts = 1>

State 33 <SV = 32> <Delay = 7.78>
ST_33 : Operation 129 [2/6] (7.78ns)   --->   "%term = fmul double %term_0, %tmp_8" [./softmax.h:22]   --->   Operation 129 'dmul' 'term' <Predicate = true> <Delay = 7.78> <Core = "DMul">   --->   Core 116 'DMul' <Latency = 5> <II = 1> <Delay = 7.78> <FuncUnit> <Opcode : 'dmul'> <InPorts = 2> <OutPorts = 1>

State 34 <SV = 33> <Delay = 7.78>
ST_34 : Operation 130 [1/6] (7.78ns)   --->   "%term = fmul double %term_0, %tmp_8" [./softmax.h:22]   --->   Operation 130 'dmul' 'term' <Predicate = true> <Delay = 7.78> <Core = "DMul">   --->   Core 116 'DMul' <Latency = 5> <II = 1> <Delay = 7.78> <FuncUnit> <Opcode : 'dmul'> <InPorts = 2> <OutPorts = 1>
ST_34 : Operation 131 [1/1] (0.00ns)   --->   "br label %.preheader3" [./softmax.h:21]   --->   Operation 131 'br' <Predicate = true> <Delay = 0.00>

State 35 <SV = 5> <Delay = 4.43>
ST_35 : Operation 132 [1/2] (4.43ns)   --->   "%tmp_3 = fpext float %empty_4 to double" [./softmax.h:24]   --->   Operation 132 'fpext' 'tmp_3' <Predicate = true> <Delay = 4.43> <Core = "Float2Double">   --->   Core 114 'Float2Double' <Latency = 1> <II = 1> <Delay = 4.43> <FuncUnit> <Opcode : 'fpext'> <InPorts = 1> <OutPorts = 1>

State 36 <SV = 6> <Delay = 8.23>
ST_36 : Operation 133 [5/5] (8.23ns)   --->   "%tmp_4 = fadd double %tmp_3, %term_0" [./softmax.h:24]   --->   Operation 133 'dadd' 'tmp_4' <Predicate = true> <Delay = 8.23> <Core = "DAddSub">   --->   Core 115 'DAddSub' <Latency = 4> <II = 1> <Delay = 8.23> <FuncUnit> <Opcode : 'dadd' 'dsub'> <InPorts = 2> <OutPorts = 1>

State 37 <SV = 7> <Delay = 8.23>
ST_37 : Operation 134 [4/5] (8.23ns)   --->   "%tmp_4 = fadd double %tmp_3, %term_0" [./softmax.h:24]   --->   Operation 134 'dadd' 'tmp_4' <Predicate = true> <Delay = 8.23> <Core = "DAddSub">   --->   Core 115 'DAddSub' <Latency = 4> <II = 1> <Delay = 8.23> <FuncUnit> <Opcode : 'dadd' 'dsub'> <InPorts = 2> <OutPorts = 1>

State 38 <SV = 8> <Delay = 8.23>
ST_38 : Operation 135 [3/5] (8.23ns)   --->   "%tmp_4 = fadd double %tmp_3, %term_0" [./softmax.h:24]   --->   Operation 135 'dadd' 'tmp_4' <Predicate = true> <Delay = 8.23> <Core = "DAddSub">   --->   Core 115 'DAddSub' <Latency = 4> <II = 1> <Delay = 8.23> <FuncUnit> <Opcode : 'dadd' 'dsub'> <InPorts = 2> <OutPorts = 1>

State 39 <SV = 9> <Delay = 8.23>
ST_39 : Operation 136 [2/5] (8.23ns)   --->   "%tmp_4 = fadd double %tmp_3, %term_0" [./softmax.h:24]   --->   Operation 136 'dadd' 'tmp_4' <Predicate = true> <Delay = 8.23> <Core = "DAddSub">   --->   Core 115 'DAddSub' <Latency = 4> <II = 1> <Delay = 8.23> <FuncUnit> <Opcode : 'dadd' 'dsub'> <InPorts = 2> <OutPorts = 1>

State 40 <SV = 10> <Delay = 8.23>
ST_40 : Operation 137 [1/5] (8.23ns)   --->   "%tmp_4 = fadd double %tmp_3, %term_0" [./softmax.h:24]   --->   Operation 137 'dadd' 'tmp_4' <Predicate = true> <Delay = 8.23> <Core = "DAddSub">   --->   Core 115 'DAddSub' <Latency = 4> <II = 1> <Delay = 8.23> <FuncUnit> <Opcode : 'dadd' 'dsub'> <InPorts = 2> <OutPorts = 1>

State 41 <SV = 11> <Delay = 5.20>
ST_41 : Operation 138 [2/2] (5.20ns)   --->   "%tmp_5 = fptrunc double %tmp_4 to float" [./softmax.h:24]   --->   Operation 138 'fptrunc' 'tmp_5' <Predicate = true> <Delay = 5.20> <Core = "Double2Float">   --->   Core 123 'Double2Float' <Latency = 1> <II = 1> <Delay = 5.20> <FuncUnit> <Opcode : 'fptrunc'> <InPorts = 1> <OutPorts = 1>

State 42 <SV = 12> <Delay = 5.20>
ST_42 : Operation 139 [1/2] (5.20ns)   --->   "%tmp_5 = fptrunc double %tmp_4 to float" [./softmax.h:24]   --->   Operation 139 'fptrunc' 'tmp_5' <Predicate = true> <Delay = 5.20> <Core = "Double2Float">   --->   Core 123 'Double2Float' <Latency = 1> <II = 1> <Delay = 5.20> <FuncUnit> <Opcode : 'fptrunc'> <InPorts = 1> <OutPorts = 1>
ST_42 : Operation 140 [1/1] (0.00ns)   --->   "br label %3" [./softmax.h:19]   --->   Operation 140 'br' <Predicate = true> <Delay = 0.00>

State 43 <SV = 4> <Delay = 5.70>
ST_43 : Operation 141 [3/4] (5.70ns)   --->   "%tmp_1 = fmul float %empty_4, 0x4005BF0A80000000" [./softmax.h:28]   --->   Operation 141 'fmul' 'tmp_1' <Predicate = true> <Delay = 5.70> <Core = "FMul">   --->   Core 106 'FMul' <Latency = 3> <II = 1> <Delay = 5.70> <FuncUnit> <Opcode : 'fmul'> <InPorts = 2> <OutPorts = 1>

State 44 <SV = 5> <Delay = 5.70>
ST_44 : Operation 142 [2/4] (5.70ns)   --->   "%tmp_1 = fmul float %empty_4, 0x4005BF0A80000000" [./softmax.h:28]   --->   Operation 142 'fmul' 'tmp_1' <Predicate = true> <Delay = 5.70> <Core = "FMul">   --->   Core 106 'FMul' <Latency = 3> <II = 1> <Delay = 5.70> <FuncUnit> <Opcode : 'fmul'> <InPorts = 2> <OutPorts = 1>

State 45 <SV = 6> <Delay = 5.70>
ST_45 : Operation 143 [1/4] (5.70ns)   --->   "%tmp_1 = fmul float %empty_4, 0x4005BF0A80000000" [./softmax.h:28]   --->   Operation 143 'fmul' 'tmp_1' <Predicate = true> <Delay = 5.70> <Core = "FMul">   --->   Core 106 'FMul' <Latency = 3> <II = 1> <Delay = 5.70> <FuncUnit> <Opcode : 'fmul'> <InPorts = 2> <OutPorts = 1>

State 46 <SV = 7> <Delay = 7.25>
ST_46 : Operation 144 [1/1] (3.25ns)   --->   "store float %tmp_1, float* %euler_sums_addr, align 4" [./softmax.h:28]   --->   Operation 144 'store' <Predicate = true> <Delay = 3.25> <Core = "RAM">   --->   Core 37 'RAM' <Latency = 1> <II = 1> <Delay = 3.25> <Storage> <Opcode : 'load' 'store'> <Ports = 2> <Width = 32> <Depth = 128> <RAM>
ST_46 : Operation 145 [5/5] (7.25ns)   --->   "%euler_layer_sum = fadd float %euler_layer_sum_0, %tmp_1" [./softmax.h:29]   --->   Operation 145 'fadd' 'euler_layer_sum' <Predicate = true> <Delay = 7.25> <Core = "FAddSub">   --->   Core 105 'FAddSub' <Latency = 4> <II = 1> <Delay = 7.25> <FuncUnit> <Opcode : 'fadd' 'fsub'> <InPorts = 2> <OutPorts = 1>

State 47 <SV = 8> <Delay = 7.25>
ST_47 : Operation 146 [4/5] (7.25ns)   --->   "%euler_layer_sum = fadd float %euler_layer_sum_0, %tmp_1" [./softmax.h:29]   --->   Operation 146 'fadd' 'euler_layer_sum' <Predicate = true> <Delay = 7.25> <Core = "FAddSub">   --->   Core 105 'FAddSub' <Latency = 4> <II = 1> <Delay = 7.25> <FuncUnit> <Opcode : 'fadd' 'fsub'> <InPorts = 2> <OutPorts = 1>

State 48 <SV = 9> <Delay = 7.25>
ST_48 : Operation 147 [3/5] (7.25ns)   --->   "%euler_layer_sum = fadd float %euler_layer_sum_0, %tmp_1" [./softmax.h:29]   --->   Operation 147 'fadd' 'euler_layer_sum' <Predicate = true> <Delay = 7.25> <Core = "FAddSub">   --->   Core 105 'FAddSub' <Latency = 4> <II = 1> <Delay = 7.25> <FuncUnit> <Opcode : 'fadd' 'fsub'> <InPorts = 2> <OutPorts = 1>

State 49 <SV = 10> <Delay = 7.25>
ST_49 : Operation 148 [2/5] (7.25ns)   --->   "%euler_layer_sum = fadd float %euler_layer_sum_0, %tmp_1" [./softmax.h:29]   --->   Operation 148 'fadd' 'euler_layer_sum' <Predicate = true> <Delay = 7.25> <Core = "FAddSub">   --->   Core 105 'FAddSub' <Latency = 4> <II = 1> <Delay = 7.25> <FuncUnit> <Opcode : 'fadd' 'fsub'> <InPorts = 2> <OutPorts = 1>

State 50 <SV = 11> <Delay = 7.25>
ST_50 : Operation 149 [1/5] (7.25ns)   --->   "%euler_layer_sum = fadd float %euler_layer_sum_0, %tmp_1" [./softmax.h:29]   --->   Operation 149 'fadd' 'euler_layer_sum' <Predicate = true> <Delay = 7.25> <Core = "FAddSub">   --->   Core 105 'FAddSub' <Latency = 4> <II = 1> <Delay = 7.25> <FuncUnit> <Opcode : 'fadd' 'fsub'> <InPorts = 2> <OutPorts = 1>
ST_50 : Operation 150 [1/1] (0.00ns)   --->   "br label %1" [./softmax.h:16]   --->   Operation 150 'br' <Predicate = true> <Delay = 0.00>

State 51 <SV = 2> <Delay = 3.25>
ST_51 : Operation 151 [1/1] (0.00ns)   --->   "%j1_0 = phi i8 [ %j, %7 ], [ 0, %.preheader.preheader ]"   --->   Operation 151 'phi' 'j1_0' <Predicate = true> <Delay = 0.00>
ST_51 : Operation 152 [1/1] (1.55ns)   --->   "%icmp_ln32 = icmp eq i8 %j1_0, -128" [./softmax.h:32]   --->   Operation 152 'icmp' 'icmp_ln32' <Predicate = true> <Delay = 1.55> <Core = "Cmp">   --->   Core 25 'Cmp' <Latency = 0> <II = 1> <Delay = 1.55> <FuncUnit> <Opcode : 'icmp'> <InPorts = 2> <OutPorts = 1>
ST_51 : Operation 153 [1/1] (0.00ns)   --->   "%empty_7 = call i32 (...)* @_ssdm_op_SpecLoopTripCount(i64 128, i64 128, i64 128)"   --->   Operation 153 'speclooptripcount' 'empty_7' <Predicate = true> <Delay = 0.00>
ST_51 : Operation 154 [1/1] (1.91ns)   --->   "%j = add i8 %j1_0, 1" [./softmax.h:32]   --->   Operation 154 'add' 'j' <Predicate = true> <Delay = 1.91> <Core = "AddSub">   --->   Core 14 'AddSub' <Latency = 0> <II = 1> <Delay = 1.91> <FuncUnit> <Opcode : 'add' 'sub'> <InPorts = 2> <OutPorts = 1>
ST_51 : Operation 155 [1/1] (0.00ns)   --->   "br i1 %icmp_ln32, label %8, label %7" [./softmax.h:32]   --->   Operation 155 'br' <Predicate = true> <Delay = 0.00>
ST_51 : Operation 156 [1/1] (0.00ns)   --->   "%zext_ln33 = zext i8 %j1_0 to i64" [./softmax.h:33]   --->   Operation 156 'zext' 'zext_ln33' <Predicate = (!icmp_ln32)> <Delay = 0.00>
ST_51 : Operation 157 [1/1] (0.00ns)   --->   "%euler_sums_addr_1 = getelementptr inbounds [128 x float]* %euler_sums, i64 0, i64 %zext_ln33" [./softmax.h:33]   --->   Operation 157 'getelementptr' 'euler_sums_addr_1' <Predicate = (!icmp_ln32)> <Delay = 0.00>
ST_51 : Operation 158 [2/2] (3.25ns)   --->   "%euler_sums_load = load float* %euler_sums_addr_1, align 4" [./softmax.h:33]   --->   Operation 158 'load' 'euler_sums_load' <Predicate = (!icmp_ln32)> <Delay = 3.25> <Core = "RAM">   --->   Core 37 'RAM' <Latency = 1> <II = 1> <Delay = 3.25> <Storage> <Opcode : 'load' 'store'> <Ports = 2> <Width = 32> <Depth = 128> <RAM>
ST_51 : Operation 159 [1/1] (0.00ns)   --->   "ret void" [./softmax.h:35]   --->   Operation 159 'ret' <Predicate = (icmp_ln32)> <Delay = 0.00>

State 52 <SV = 3> <Delay = 3.25>
ST_52 : Operation 160 [1/2] (3.25ns)   --->   "%euler_sums_load = load float* %euler_sums_addr_1, align 4" [./softmax.h:33]   --->   Operation 160 'load' 'euler_sums_load' <Predicate = true> <Delay = 3.25> <Core = "RAM">   --->   Core 37 'RAM' <Latency = 1> <II = 1> <Delay = 3.25> <Storage> <Opcode : 'load' 'store'> <Ports = 2> <Width = 32> <Depth = 128> <RAM>

State 53 <SV = 4> <Delay = 6.07>
ST_53 : Operation 161 [16/16] (6.07ns)   --->   "%tmp = fdiv float %euler_sums_load, %euler_layer_sum_0" [./softmax.h:33]   --->   Operation 161 'fdiv' 'tmp' <Predicate = true> <Delay = 6.07> <Core = "FDiv">   --->   Core 107 'FDiv' <Latency = 15> <II = 1> <Delay = 6.07> <FuncUnit> <Opcode : 'fdiv' 'frem'> <InPorts = 2> <OutPorts = 1>

State 54 <SV = 5> <Delay = 6.07>
ST_54 : Operation 162 [15/16] (6.07ns)   --->   "%tmp = fdiv float %euler_sums_load, %euler_layer_sum_0" [./softmax.h:33]   --->   Operation 162 'fdiv' 'tmp' <Predicate = true> <Delay = 6.07> <Core = "FDiv">   --->   Core 107 'FDiv' <Latency = 15> <II = 1> <Delay = 6.07> <FuncUnit> <Opcode : 'fdiv' 'frem'> <InPorts = 2> <OutPorts = 1>

State 55 <SV = 6> <Delay = 6.07>
ST_55 : Operation 163 [14/16] (6.07ns)   --->   "%tmp = fdiv float %euler_sums_load, %euler_layer_sum_0" [./softmax.h:33]   --->   Operation 163 'fdiv' 'tmp' <Predicate = true> <Delay = 6.07> <Core = "FDiv">   --->   Core 107 'FDiv' <Latency = 15> <II = 1> <Delay = 6.07> <FuncUnit> <Opcode : 'fdiv' 'frem'> <InPorts = 2> <OutPorts = 1>

State 56 <SV = 7> <Delay = 6.07>
ST_56 : Operation 164 [13/16] (6.07ns)   --->   "%tmp = fdiv float %euler_sums_load, %euler_layer_sum_0" [./softmax.h:33]   --->   Operation 164 'fdiv' 'tmp' <Predicate = true> <Delay = 6.07> <Core = "FDiv">   --->   Core 107 'FDiv' <Latency = 15> <II = 1> <Delay = 6.07> <FuncUnit> <Opcode : 'fdiv' 'frem'> <InPorts = 2> <OutPorts = 1>

State 57 <SV = 8> <Delay = 6.07>
ST_57 : Operation 165 [12/16] (6.07ns)   --->   "%tmp = fdiv float %euler_sums_load, %euler_layer_sum_0" [./softmax.h:33]   --->   Operation 165 'fdiv' 'tmp' <Predicate = true> <Delay = 6.07> <Core = "FDiv">   --->   Core 107 'FDiv' <Latency = 15> <II = 1> <Delay = 6.07> <FuncUnit> <Opcode : 'fdiv' 'frem'> <InPorts = 2> <OutPorts = 1>

State 58 <SV = 9> <Delay = 6.07>
ST_58 : Operation 166 [11/16] (6.07ns)   --->   "%tmp = fdiv float %euler_sums_load, %euler_layer_sum_0" [./softmax.h:33]   --->   Operation 166 'fdiv' 'tmp' <Predicate = true> <Delay = 6.07> <Core = "FDiv">   --->   Core 107 'FDiv' <Latency = 15> <II = 1> <Delay = 6.07> <FuncUnit> <Opcode : 'fdiv' 'frem'> <InPorts = 2> <OutPorts = 1>

State 59 <SV = 10> <Delay = 6.07>
ST_59 : Operation 167 [10/16] (6.07ns)   --->   "%tmp = fdiv float %euler_sums_load, %euler_layer_sum_0" [./softmax.h:33]   --->   Operation 167 'fdiv' 'tmp' <Predicate = true> <Delay = 6.07> <Core = "FDiv">   --->   Core 107 'FDiv' <Latency = 15> <II = 1> <Delay = 6.07> <FuncUnit> <Opcode : 'fdiv' 'frem'> <InPorts = 2> <OutPorts = 1>

State 60 <SV = 11> <Delay = 6.07>
ST_60 : Operation 168 [9/16] (6.07ns)   --->   "%tmp = fdiv float %euler_sums_load, %euler_layer_sum_0" [./softmax.h:33]   --->   Operation 168 'fdiv' 'tmp' <Predicate = true> <Delay = 6.07> <Core = "FDiv">   --->   Core 107 'FDiv' <Latency = 15> <II = 1> <Delay = 6.07> <FuncUnit> <Opcode : 'fdiv' 'frem'> <InPorts = 2> <OutPorts = 1>

State 61 <SV = 12> <Delay = 6.07>
ST_61 : Operation 169 [8/16] (6.07ns)   --->   "%tmp = fdiv float %euler_sums_load, %euler_layer_sum_0" [./softmax.h:33]   --->   Operation 169 'fdiv' 'tmp' <Predicate = true> <Delay = 6.07> <Core = "FDiv">   --->   Core 107 'FDiv' <Latency = 15> <II = 1> <Delay = 6.07> <FuncUnit> <Opcode : 'fdiv' 'frem'> <InPorts = 2> <OutPorts = 1>

State 62 <SV = 13> <Delay = 6.07>
ST_62 : Operation 170 [7/16] (6.07ns)   --->   "%tmp = fdiv float %euler_sums_load, %euler_layer_sum_0" [./softmax.h:33]   --->   Operation 170 'fdiv' 'tmp' <Predicate = true> <Delay = 6.07> <Core = "FDiv">   --->   Core 107 'FDiv' <Latency = 15> <II = 1> <Delay = 6.07> <FuncUnit> <Opcode : 'fdiv' 'frem'> <InPorts = 2> <OutPorts = 1>

State 63 <SV = 14> <Delay = 6.07>
ST_63 : Operation 171 [6/16] (6.07ns)   --->   "%tmp = fdiv float %euler_sums_load, %euler_layer_sum_0" [./softmax.h:33]   --->   Operation 171 'fdiv' 'tmp' <Predicate = true> <Delay = 6.07> <Core = "FDiv">   --->   Core 107 'FDiv' <Latency = 15> <II = 1> <Delay = 6.07> <FuncUnit> <Opcode : 'fdiv' 'frem'> <InPorts = 2> <OutPorts = 1>

State 64 <SV = 15> <Delay = 6.07>
ST_64 : Operation 172 [5/16] (6.07ns)   --->   "%tmp = fdiv float %euler_sums_load, %euler_layer_sum_0" [./softmax.h:33]   --->   Operation 172 'fdiv' 'tmp' <Predicate = true> <Delay = 6.07> <Core = "FDiv">   --->   Core 107 'FDiv' <Latency = 15> <II = 1> <Delay = 6.07> <FuncUnit> <Opcode : 'fdiv' 'frem'> <InPorts = 2> <OutPorts = 1>

State 65 <SV = 16> <Delay = 6.07>
ST_65 : Operation 173 [4/16] (6.07ns)   --->   "%tmp = fdiv float %euler_sums_load, %euler_layer_sum_0" [./softmax.h:33]   --->   Operation 173 'fdiv' 'tmp' <Predicate = true> <Delay = 6.07> <Core = "FDiv">   --->   Core 107 'FDiv' <Latency = 15> <II = 1> <Delay = 6.07> <FuncUnit> <Opcode : 'fdiv' 'frem'> <InPorts = 2> <OutPorts = 1>

State 66 <SV = 17> <Delay = 6.07>
ST_66 : Operation 174 [3/16] (6.07ns)   --->   "%tmp = fdiv float %euler_sums_load, %euler_layer_sum_0" [./softmax.h:33]   --->   Operation 174 'fdiv' 'tmp' <Predicate = true> <Delay = 6.07> <Core = "FDiv">   --->   Core 107 'FDiv' <Latency = 15> <II = 1> <Delay = 6.07> <FuncUnit> <Opcode : 'fdiv' 'frem'> <InPorts = 2> <OutPorts = 1>

State 67 <SV = 18> <Delay = 6.07>
ST_67 : Operation 175 [2/16] (6.07ns)   --->   "%tmp = fdiv float %euler_sums_load, %euler_layer_sum_0" [./softmax.h:33]   --->   Operation 175 'fdiv' 'tmp' <Predicate = true> <Delay = 6.07> <Core = "FDiv">   --->   Core 107 'FDiv' <Latency = 15> <II = 1> <Delay = 6.07> <FuncUnit> <Opcode : 'fdiv' 'frem'> <InPorts = 2> <OutPorts = 1>

State 68 <SV = 19> <Delay = 6.07>
ST_68 : Operation 176 [1/16] (6.07ns)   --->   "%tmp = fdiv float %euler_sums_load, %euler_layer_sum_0" [./softmax.h:33]   --->   Operation 176 'fdiv' 'tmp' <Predicate = true> <Delay = 6.07> <Core = "FDiv">   --->   Core 107 'FDiv' <Latency = 15> <II = 1> <Delay = 6.07> <FuncUnit> <Opcode : 'fdiv' 'frem'> <InPorts = 2> <OutPorts = 1>

State 69 <SV = 20> <Delay = 3.25>
ST_69 : Operation 177 [1/1] (0.00ns)   --->   "%probability_distribu_1 = getelementptr [128 x float]* %probability_distribu, i64 0, i64 %zext_ln33" [./softmax.h:33]   --->   Operation 177 'getelementptr' 'probability_distribu_1' <Predicate = true> <Delay = 0.00>
ST_69 : Operation 178 [1/1] (3.25ns)   --->   "store float %tmp, float* %probability_distribu_1, align 4" [./softmax.h:33]   --->   Operation 178 'store' <Predicate = true> <Delay = 3.25> <Core = "RAM">   --->   Core 37 'RAM' <Latency = 1> <II = 1> <Delay = 3.25> <Storage> <Opcode : 'load' 'store'> <Ports = 2> <Width = 32> <Depth = 128> <RAM>
ST_69 : Operation 179 [1/1] (0.00ns)   --->   "br label %.preheader" [./softmax.h:32]   --->   Operation 179 'br' <Predicate = true> <Delay = 0.00>


============================================================
+ Verbose Summary: Timing violations
============================================================
Target clock period: 10ns, clock uncertainty: 1.25ns.

 <State 1>: 1.77ns
The critical path consists of the following:
	multiplexor before 'phi' operation ('i') with incoming values : ('i', ./softmax.h:16) [6]  (1.77 ns)

 <State 2>: 3.25ns
The critical path consists of the following:
	'phi' operation ('i') with incoming values : ('i', ./softmax.h:16) [6]  (0 ns)
	'getelementptr' operation ('output_layer_addr', ./softmax.h:22) [15]  (0 ns)
	'load' operation ('output_layer_load', ./softmax.h:22) on array 'output_layer' [16]  (3.25 ns)

 <State 3>: 3.25ns
The critical path consists of the following:
	'load' operation ('output_layer_load', ./softmax.h:22) on array 'output_layer' [16]  (3.25 ns)

 <State 4>: 5.7ns
The critical path consists of the following:
	'phi' operation ('empty_4', ./softmax.h:24) with incoming values : ('tmp_5', ./softmax.h:24) [19]  (0 ns)
	'fmul' operation ('tmp_1', ./softmax.h:28) [47]  (5.7 ns)

 <State 5>: 6.41ns
The critical path consists of the following:
	'phi' operation ('k') with incoming values : ('k', ./softmax.h:21) [29]  (0 ns)
	'sitofp' operation ('tmp_6', ./softmax.h:22) [34]  (6.41 ns)

 <State 6>: 6.41ns
The critical path consists of the following:
	'sitofp' operation ('tmp_6', ./softmax.h:22) [34]  (6.41 ns)

 <State 7>: 6.41ns
The critical path consists of the following:
	'sitofp' operation ('tmp_6', ./softmax.h:22) [34]  (6.41 ns)

 <State 8>: 6.41ns
The critical path consists of the following:
	'sitofp' operation ('tmp_6', ./softmax.h:22) [34]  (6.41 ns)

 <State 9>: 6.41ns
The critical path consists of the following:
	'sitofp' operation ('tmp_6', ./softmax.h:22) [34]  (6.41 ns)

 <State 10>: 6.41ns
The critical path consists of the following:
	'sitofp' operation ('tmp_6', ./softmax.h:22) [34]  (6.41 ns)

 <State 11>: 6.08ns
The critical path consists of the following:
	'fdiv' operation ('tmp_7', ./softmax.h:22) [35]  (6.08 ns)

 <State 12>: 6.08ns
The critical path consists of the following:
	'fdiv' operation ('tmp_7', ./softmax.h:22) [35]  (6.08 ns)

 <State 13>: 6.08ns
The critical path consists of the following:
	'fdiv' operation ('tmp_7', ./softmax.h:22) [35]  (6.08 ns)

 <State 14>: 6.08ns
The critical path consists of the following:
	'fdiv' operation ('tmp_7', ./softmax.h:22) [35]  (6.08 ns)

 <State 15>: 6.08ns
The critical path consists of the following:
	'fdiv' operation ('tmp_7', ./softmax.h:22) [35]  (6.08 ns)

 <State 16>: 6.08ns
The critical path consists of the following:
	'fdiv' operation ('tmp_7', ./softmax.h:22) [35]  (6.08 ns)

 <State 17>: 6.08ns
The critical path consists of the following:
	'fdiv' operation ('tmp_7', ./softmax.h:22) [35]  (6.08 ns)

 <State 18>: 6.08ns
The critical path consists of the following:
	'fdiv' operation ('tmp_7', ./softmax.h:22) [35]  (6.08 ns)

 <State 19>: 6.08ns
The critical path consists of the following:
	'fdiv' operation ('tmp_7', ./softmax.h:22) [35]  (6.08 ns)

 <State 20>: 6.08ns
The critical path consists of the following:
	'fdiv' operation ('tmp_7', ./softmax.h:22) [35]  (6.08 ns)

 <State 21>: 6.08ns
The critical path consists of the following:
	'fdiv' operation ('tmp_7', ./softmax.h:22) [35]  (6.08 ns)

 <State 22>: 6.08ns
The critical path consists of the following:
	'fdiv' operation ('tmp_7', ./softmax.h:22) [35]  (6.08 ns)

 <State 23>: 6.08ns
The critical path consists of the following:
	'fdiv' operation ('tmp_7', ./softmax.h:22) [35]  (6.08 ns)

 <State 24>: 6.08ns
The critical path consists of the following:
	'fdiv' operation ('tmp_7', ./softmax.h:22) [35]  (6.08 ns)

 <State 25>: 6.08ns
The critical path consists of the following:
	'fdiv' operation ('tmp_7', ./softmax.h:22) [35]  (6.08 ns)

 <State 26>: 6.08ns
The critical path consists of the following:
	'fdiv' operation ('tmp_7', ./softmax.h:22) [35]  (6.08 ns)

 <State 27>: 4.44ns
The critical path consists of the following:
	'fpext' operation ('tmp_8', ./softmax.h:22) [36]  (4.44 ns)

 <State 28>: 4.44ns
The critical path consists of the following:
	'fpext' operation ('tmp_8', ./softmax.h:22) [36]  (4.44 ns)

 <State 29>: 7.79ns
The critical path consists of the following:
	'dmul' operation ('term', ./softmax.h:22) [37]  (7.79 ns)

 <State 30>: 7.79ns
The critical path consists of the following:
	'dmul' operation ('term', ./softmax.h:22) [37]  (7.79 ns)

 <State 31>: 7.79ns
The critical path consists of the following:
	'dmul' operation ('term', ./softmax.h:22) [37]  (7.79 ns)

 <State 32>: 7.79ns
The critical path consists of the following:
	'dmul' operation ('term', ./softmax.h:22) [37]  (7.79 ns)

 <State 33>: 7.79ns
The critical path consists of the following:
	'dmul' operation ('term', ./softmax.h:22) [37]  (7.79 ns)

 <State 34>: 7.79ns
The critical path consists of the following:
	'dmul' operation ('term', ./softmax.h:22) [37]  (7.79 ns)

 <State 35>: 4.44ns
The critical path consists of the following:
	'fpext' operation ('tmp_3', ./softmax.h:24) [41]  (4.44 ns)

 <State 36>: 8.23ns
The critical path consists of the following:
	'dadd' operation ('tmp_4', ./softmax.h:24) [42]  (8.23 ns)

 <State 37>: 8.23ns
The critical path consists of the following:
	'dadd' operation ('tmp_4', ./softmax.h:24) [42]  (8.23 ns)

 <State 38>: 8.23ns
The critical path consists of the following:
	'dadd' operation ('tmp_4', ./softmax.h:24) [42]  (8.23 ns)

 <State 39>: 8.23ns
The critical path consists of the following:
	'dadd' operation ('tmp_4', ./softmax.h:24) [42]  (8.23 ns)

 <State 40>: 8.23ns
The critical path consists of the following:
	'dadd' operation ('tmp_4', ./softmax.h:24) [42]  (8.23 ns)

 <State 41>: 5.2ns
The critical path consists of the following:
	'fptrunc' operation ('tmp_5', ./softmax.h:24) [43]  (5.2 ns)

 <State 42>: 5.2ns
The critical path consists of the following:
	'fptrunc' operation ('tmp_5', ./softmax.h:24) [43]  (5.2 ns)

 <State 43>: 5.7ns
The critical path consists of the following:
	'fmul' operation ('tmp_1', ./softmax.h:28) [47]  (5.7 ns)

 <State 44>: 5.7ns
The critical path consists of the following:
	'fmul' operation ('tmp_1', ./softmax.h:28) [47]  (5.7 ns)

 <State 45>: 5.7ns
The critical path consists of the following:
	'fmul' operation ('tmp_1', ./softmax.h:28) [47]  (5.7 ns)

 <State 46>: 7.26ns
The critical path consists of the following:
	'fadd' operation ('euler_layer_sum', ./softmax.h:29) [49]  (7.26 ns)

 <State 47>: 7.26ns
The critical path consists of the following:
	'fadd' operation ('euler_layer_sum', ./softmax.h:29) [49]  (7.26 ns)

 <State 48>: 7.26ns
The critical path consists of the following:
	'fadd' operation ('euler_layer_sum', ./softmax.h:29) [49]  (7.26 ns)

 <State 49>: 7.26ns
The critical path consists of the following:
	'fadd' operation ('euler_layer_sum', ./softmax.h:29) [49]  (7.26 ns)

 <State 50>: 7.26ns
The critical path consists of the following:
	'fadd' operation ('euler_layer_sum', ./softmax.h:29) [49]  (7.26 ns)

 <State 51>: 3.25ns
The critical path consists of the following:
	'phi' operation ('j') with incoming values : ('j', ./softmax.h:32) [54]  (0 ns)
	'getelementptr' operation ('euler_sums_addr_1', ./softmax.h:33) [61]  (0 ns)
	'load' operation ('euler_sums_load', ./softmax.h:33) on array 'euler_sums', ./softmax.h:14 [62]  (3.25 ns)

 <State 52>: 3.25ns
The critical path consists of the following:
	'load' operation ('euler_sums_load', ./softmax.h:33) on array 'euler_sums', ./softmax.h:14 [62]  (3.25 ns)

 <State 53>: 6.08ns
The critical path consists of the following:
	'fdiv' operation ('tmp', ./softmax.h:33) [63]  (6.08 ns)

 <State 54>: 6.08ns
The critical path consists of the following:
	'fdiv' operation ('tmp', ./softmax.h:33) [63]  (6.08 ns)

 <State 55>: 6.08ns
The critical path consists of the following:
	'fdiv' operation ('tmp', ./softmax.h:33) [63]  (6.08 ns)

 <State 56>: 6.08ns
The critical path consists of the following:
	'fdiv' operation ('tmp', ./softmax.h:33) [63]  (6.08 ns)

 <State 57>: 6.08ns
The critical path consists of the following:
	'fdiv' operation ('tmp', ./softmax.h:33) [63]  (6.08 ns)

 <State 58>: 6.08ns
The critical path consists of the following:
	'fdiv' operation ('tmp', ./softmax.h:33) [63]  (6.08 ns)

 <State 59>: 6.08ns
The critical path consists of the following:
	'fdiv' operation ('tmp', ./softmax.h:33) [63]  (6.08 ns)

 <State 60>: 6.08ns
The critical path consists of the following:
	'fdiv' operation ('tmp', ./softmax.h:33) [63]  (6.08 ns)

 <State 61>: 6.08ns
The critical path consists of the following:
	'fdiv' operation ('tmp', ./softmax.h:33) [63]  (6.08 ns)

 <State 62>: 6.08ns
The critical path consists of the following:
	'fdiv' operation ('tmp', ./softmax.h:33) [63]  (6.08 ns)

 <State 63>: 6.08ns
The critical path consists of the following:
	'fdiv' operation ('tmp', ./softmax.h:33) [63]  (6.08 ns)

 <State 64>: 6.08ns
The critical path consists of the following:
	'fdiv' operation ('tmp', ./softmax.h:33) [63]  (6.08 ns)

 <State 65>: 6.08ns
The critical path consists of the following:
	'fdiv' operation ('tmp', ./softmax.h:33) [63]  (6.08 ns)

 <State 66>: 6.08ns
The critical path consists of the following:
	'fdiv' operation ('tmp', ./softmax.h:33) [63]  (6.08 ns)

 <State 67>: 6.08ns
The critical path consists of the following:
	'fdiv' operation ('tmp', ./softmax.h:33) [63]  (6.08 ns)

 <State 68>: 6.08ns
The critical path consists of the following:
	'fdiv' operation ('tmp', ./softmax.h:33) [63]  (6.08 ns)

 <State 69>: 3.25ns
The critical path consists of the following:
	'getelementptr' operation ('probability_distribu_1', ./softmax.h:33) [64]  (0 ns)
	'store' operation ('store_ln33', ./softmax.h:33) of variable 'tmp', ./softmax.h:33 on array 'probability_distribu' [65]  (3.25 ns)


============================================================
+ Verbose Summary: Binding
============================================================
N/A
* FSMD analyzer results:
  - Output states:
 - Input state : 
  - Chain level:
	State 1
	State 2
	State 3
	State 4
	State 5
	State 6
	State 7
	State 8
	State 9
	State 10
	State 11
	State 12
	State 13
	State 14
	State 15
	State 16
	State 17
	State 18
	State 19
	State 20
	State 21
	State 22
	State 23
	State 24
	State 25
	State 26
	State 27
	State 28
	State 29
	State 30
	State 31
	State 32
	State 33
	State 34
	State 35
	State 36
	State 37
	State 38
	State 39
	State 40
	State 41
	State 42
	State 43
	State 44
	State 45
	State 46
	State 47
	State 48
	State 49
	State 50
	State 51
	State 52
	State 53
	State 54
	State 55
	State 56
	State 57
	State 58
	State 59
	State 60
	State 61
	State 62
	State 63
	State 64
	State 65
	State 66
	State 67
	State 68
	State 69


============================================================
+ Verbose Summary: Datapath Resource usage 
============================================================
N/A
